2026-03-08 15:30:38,867 [INFO] __main__: WhisperSign starting...
2026-03-08 15:30:53,865 [ERROR] app.services.inference_service: Checkpoint not found: ../Whisper_modification/checkpoints/final_model.pt
2026-03-08 15:30:53,865 [INFO] app.services.inference_service: Running in mock mode — predictions will be empty.
2026-03-08 15:30:54,344 [INFO] __main__: Application window shown. Ready.
2026-03-08 15:31:02,159 [INFO] app.core.controller: Starting pipeline...
2026-03-08 15:34:13,323 [INFO] __main__: WhisperSign starting...
2026-03-08 15:34:15,042 [ERROR] app.services.inference_service: Checkpoint not found: ../Whisper_modification/checkpoints/final_model.pt
2026-03-08 15:34:15,043 [INFO] app.services.inference_service: Running in mock mode — predictions will be empty.
2026-03-08 15:34:15,452 [INFO] __main__: Application window shown. Ready.
2026-03-08 15:34:18,781 [INFO] app.core.controller: Starting pipeline...
2026-03-08 15:34:18,781 [INFO] app.hardware.lmc_capture: Đang khởi động Leap Motion capture...
2026-03-08 15:34:18,846 [INFO] app.hardware.lmc_capture: Leap Motion: connected to service.
2026-03-08 15:34:18,858 [INFO] app.hardware.lmc_capture: Leap Motion capture đã sẵn sàng.
2026-03-08 15:34:18,861 [INFO] app.services.inference_service: Periodic inference started (interval=0.5s)
2026-03-08 15:34:18,864 [INFO] app.core.controller: Pipeline running.
2026-03-08 15:34:44,615 [INFO] app.core.controller: Stopping pipeline...
2026-03-08 15:34:44,615 [INFO] app.services.inference_service: Periodic inference stopped.
2026-03-08 15:34:44,616 [INFO] app.hardware.lmc_capture: Đang dừng Leap Motion capture...
2026-03-08 15:34:45,198 [INFO] app.hardware.lmc_capture: Leap Motion capture đã dừng.
2026-03-08 15:34:45,200 [INFO] app.core.controller: Pipeline stopped.
2026-03-08 15:34:45,315 [INFO] app.core.controller: Stopping pipeline...
2026-03-08 15:34:45,315 [INFO] app.services.inference_service: Periodic inference stopped.
2026-03-08 15:34:45,316 [INFO] app.core.controller: Pipeline stopped.
2026-03-08 15:34:45,317 [INFO] __main__: WhisperSign exited.
2026-03-08 15:35:16,365 [INFO] __main__: WhisperSign starting...
2026-03-08 15:35:18,052 [ERROR] app.services.inference_service: Checkpoint not found: ../Whisper_modification/checkpoints/final_model.pt
2026-03-08 15:35:18,052 [INFO] app.services.inference_service: Running in mock mode — predictions will be empty.
2026-03-08 15:35:18,455 [INFO] __main__: Application window shown. Ready.
2026-03-08 15:35:43,717 [INFO] app.core.controller: Starting pipeline...
2026-03-08 15:35:43,717 [INFO] app.hardware.lmc_capture: Đang khởi động Leap Motion capture...
2026-03-08 15:35:43,726 [INFO] app.hardware.lmc_capture: Leap Motion: connected to service.
2026-03-08 15:35:43,741 [INFO] app.hardware.lmc_capture: Leap Motion capture đã sẵn sàng.
2026-03-08 15:35:43,743 [INFO] app.services.inference_service: Periodic inference started (interval=0.5s)
2026-03-08 15:35:43,744 [INFO] app.core.controller: Pipeline running.
2026-03-08 15:37:22,903 [INFO] app.core.controller: Stopping pipeline...
2026-03-08 15:37:22,903 [INFO] app.services.inference_service: Periodic inference stopped.
2026-03-08 15:37:22,904 [INFO] app.hardware.lmc_capture: Đang dừng Leap Motion capture...
2026-03-08 15:37:23,575 [INFO] app.hardware.lmc_capture: Leap Motion capture đã dừng.
2026-03-08 15:37:23,576 [INFO] app.core.controller: Pipeline stopped.
2026-03-08 15:37:28,630 [INFO] app.core.controller: Stopping pipeline...
2026-03-08 15:37:28,630 [INFO] app.services.inference_service: Periodic inference stopped.
2026-03-08 15:37:28,631 [INFO] app.core.controller: Pipeline stopped.
2026-03-08 15:37:28,631 [INFO] __main__: WhisperSign exited.
