[10:11:04] hẹn góc vườn đèn pin hạt tiêu tin nhắn đèn pin giám sát tin nhắn công ước nghi ngờ
[10:11:04] hút thuốc lá biện pháp cười nhếch mép trong ngoài đứng nghiêm chỉnh sửa con vịt võ thuật phim truyện ngày nay bánh mì thềm công viên thềm công viên
[10:11:05] hút thuốc lá chỉnh sửa con vịt võ thuật đồng bằng sông Hồng văn lung tung vải lụa giấc ngủ Anh (nước Anh) ngày nay tưởng tượng xà phòng cần không？ xà phòng
[10:11:05] con vịt võ thuật mách tài trợ con bê liên hoan chuyển vế lung tung tuần địa chỉ băng chuyền kiến thức sao cần không？
[10:11:06] mét khối (m3) chỉnh sửa con vịt võ thuật ngồi liên hoan từ trái nghĩa thăng bằng tuần trước rộng lớn phấn trang điểm ngồi quả bầu hồ lô bẫy chim e thẹn khoác vai lễ Nô-en cơ hội cháu nội cháu trai
[10:11:06] mét khối (m3) Miến Điện (nước Mi-an-ma) h võ thuật ngày nay liên hoan hỏi con gái thêu tuần trước đợi thăng bằng e thẹn con bê cơ hội con bê liên hoan
[10:11:07] giấc ngủ mét khối (m3) chỉnh sửa con vịt h khoan (khoan đã) vắng gián tiếp kim cương xách túi tuần trước xăng-ti-mét (cm) phê bình chuột quang đúng không？ hẹn tôn trọng thương yêu
[10:11:07] con vịt h khoan (khoan đã) vắng gián tiếp thổ dân mùa xuân xách túi lúc nào đầy khỏi bệnh dấu sắc khoác vai phê bình gấp giấy sữa rửa mặt cây tre
[10:11:08] mùa xuân xách túi khỏi bệnh đầy dấu sắc chúc tết giả bộ (giống giả vờ) vắng trốn chạy đi dạo dân ca thú dữ hoạt hình ngày nay chị chồng ngồi trắng tay
[10:11:08] dấu sắc giả bộ (giống giả vờ) dân ca vắng trốn chạy đi dạo dân ca trốn chạy em gái xách túi ngày nay bắp ngô bát
[10:11:09] trốn chạy đi dạo dân ca trốn chạy giơ tay bắp ngô chuyển động quay vỗ cánh tiết kiệm cao (núi) bắp ngô phản bội hối hận văn trò chơi
[10:11:09] chúc tết chị chồng bắp ngô ngồi chuyển động quay tiết kiệm môn Mĩ thuật bút bi phản bội lung tung văn làm bài tập Paris yêu mến (yêu quí) che chở ghi nhớ đồng bằng duyên hải miền Trung luân phiên
[10:11:10] chúc tết chị chồng bắp ngô ngồi chuyển động quay tiết kiệm môn Mĩ thuật hăm dọa bút bi phản bội lung tung văn làm bài tập Paris yêu mến (yêu quí) che chở đứng nghiêm điện luân phiên đèo Hải Vân gặt lúa
[10:11:56] con vịt mặc quần áo lưỡi băng chuyền kiến thức hạt cườm mơ ngủ bụi phấn buổi tối hạt cườm phấn (viết bảng) Đồng Tháp Mười hói đầu Đồng Tháp Mười công viên nhổ râu
[10:11:57] con vịt từ chối danh lam thắng cảnh thi cử chúc mừng cạnh đáy băng chuyền giấc ngủ Anh (nước Anh) rửa chân con ruồi giường không nên kính
[10:11:57] hải đảo nói ngập ngừng Miến Điện (nước Mi-an-ma) gà mái cây tre ngày tháng ngồi ngày Phụ nữ Việt Nam 20／10 quả bầu hồ lô thầy cô ăn cóc nhà nước Anh (nước Anh) ngày Quốc tế phụ nữ 8／3 cây tre tô màu kính
[10:11:58] chia đều nói ngập ngừng 23 bắp ngô ngồi văn ăn cóc ngày tháng ân hận lễ Nô-en tai nạn toàn cầu thầy cô địa chỉ nhổ tóc điều trị cây tre tô màu gặt lúa
[10:11:58] khỏi bệnh gửi đầy trốn chạy Miến Điện (nước Mi-an-ma) 23 hoạt hình ngồi chuyển động quay đường thuỷ vào danh lam thắng cảnh ngày Quốc tế phụ nữ 8／3 ngồi chúc mừng ăn cóc bông hoa khen tặng xúc xắc
[10:11:59] khỏi bệnh gửi đầy trốn chạy Miến Điện (nước Mi-an-ma) xây vào 2 ＜ 6 (Toán học) xách túi đầy nói ngập ngừng ăn cóc tròn hành lang mỳ ý vững chắc thán phục chức vụ
[10:11:59] đầy Miến Điện (nước Mi-an-ma) xây vào 2 ＜ 6 (Toán học) xách túi đầy kim cương võng (cái võng) hòa bình gãi đầu gãi tai thẳng tắp địa chỉ lối đi máy khâu lễ Nô-en tinh mắt phản bội
[10:12:00] xách túi kim cương lục địa em gái võng (cái võng) mù chữ thẳng tắp địa chỉ người bán hàng con muỗi phản bội ca nô ăn ít yêu cầu bánh tráng địa chỉ biểu thức giấc ngủ
[10:12:00] hòa bình vải lụa cất giấu địa chỉ lối đi lễ Nô-en tinh mắt phản bội khiêng đất nước bị chia cắt (Việt Nam) huỷ diệt nói leo bảng cộng môn Lịch sử 1000 (một nghìn) mỳ ý mùa thu điện 40 gặt lúa
[10:12:01] ngày Quốc tế Lao động địa chỉ lũ quét người bán hàng phản bội chúc mừng khúc khuỷu Mã Lai (nước Ma-lai-xi-a) bình an bảng cộng gặm xương (con chó gặm xương) dân tộc mỳ ý điện chìa khóa kính
[10:12:01] phản bội khúc khuỷu đất nước bị chia cắt (Việt Nam) huỷ diệt mẫu số chung bảng cộng môn Lịch sử 1000 (một nghìn) mỳ ý mùa thu điện 40 khói Tết Dương kính cha mẹ kính cha mẹ nghi ngờ